<?xml version="1.0" encoding="UTF-8"?>
<!-- Generated by org.testng.reporters.JUnitReportReporter -->
<testsuite skipped="5" hostname="441SN13" name="RegressionSuit.testcase1" tests="5" failures="0" timestamp="2020-12-30T14:12:18 IST" time="0.000" errors="0">
  <testcase name="InvalidLogin" time="0.000" classname="RegressionSuit.testcase1">
    <skipped/>
  </testcase> <!-- InvalidLogin -->
  <system-out/>
  <testcase name="DeactivateUser" time="0.000" classname="RegressionSuit.testcase1">
    <skipped/>
  </testcase> <!-- DeactivateUser -->
  <system-out/>
  <testcase name="ssouserlogin" time="0.000" classname="RegressionSuit.testcase1">
    <skipped/>
  </testcase> <!-- ssouserlogin -->
  <system-out/>
  <testcase name="ValidLogin" time="0.000" classname="RegressionSuit.testcase1">
    <skipped/>
  </testcase> <!-- ValidLogin -->
  <system-out/>
  <testcase name="passwordreset" time="0.000" classname="RegressionSuit.testcase1">
    <skipped/>
  </testcase> <!-- passwordreset -->
  <system-out/>
</testsuite> <!-- RegressionSuit.testcase1 -->
