<?xml version="1.0" encoding="UTF-8"?>
<!-- Generated by org.testng.reporters.JUnitReportReporter -->
<testsuite hostname="441SN13" failures="0" tests="1" name="RegressionSuit.testcase1" time="0.393" errors="0" timestamp="23 Aug 2020 13:32:49 GMT" skipped="0">
  <testcase classname="RegressionSuit.testcase1" name="login" time="0.393"/>
</testsuite> <!-- RegressionSuit.testcase1 -->
